2025-10-04 00:51:25,934 | INFO     | PokemonFaiths   | Logging to file: logs\game_20251004_005125.log
2025-10-04 00:51:25,937 | INFO     | PokemonFaiths.Main | === Pokemon Faiths Starting ===
2025-10-04 00:51:26,110 | INFO     | PokemonFaiths.Main | Pygame initialized successfully
2025-10-04 00:51:26,111 | INFO     | PokemonFaiths.AudioManager | Audio system initialized successfully
2025-10-04 00:51:26,113 | INFO     | PokemonFaiths.Settings | Loaded settings: Music=100%, SFX=100%
2025-10-04 00:51:26,118 | INFO     | PokemonFaiths.AudioManager | Playing music: menu
2025-10-04 00:51:26,119 | INFO     | PokemonFaiths.StartScreen | Save file exists: True
2025-10-04 00:51:26,250 | INFO     | PokemonFaiths.StartScreen | Starting Pokémon Faiths start screen...
2025-10-04 00:51:27,536 | INFO     | PokemonFaiths.StartScreen | Start screen exited with selection: new_game
2025-10-04 00:51:27,540 | INFO     | PokemonFaiths.Main | Starting new game...
2025-10-04 00:51:27,550 | INFO     | PokemonFaiths.IntroSequence | Elder sprite loaded successfully
2025-10-04 00:51:27,555 | INFO     | PokemonFaiths.IntroSequence | Intro sequence initialized
2025-10-04 00:51:27,555 | INFO     | PokemonFaiths.IntroSequence | Starting intro sequence...
2025-10-04 00:51:35,829 | INFO     | PokemonFaiths.IntroSequence | Intro complete - Player: edy, Gender: male
2025-10-04 00:51:35,830 | INFO     | PokemonFaiths.Main | Character created: edy
2025-10-04 00:51:35,831 | INFO     | PokemonFaiths.SaveManager | Game saved successfully
2025-10-04 00:51:35,831 | INFO     | PokemonFaiths.SaveManager | New save created for player: edy
2025-10-04 00:51:35,832 | INFO     | PokemonFaiths.Main | Save file created, starting game loop...
2025-10-04 00:51:36,011 | INFO     | PokemonFaiths.Bedroom | Bedroom assets loaded successfully
2025-10-04 00:51:36,011 | INFO     | PokemonFaiths.Bedroom | Loading player position from save: (204, 204)
2025-10-04 00:51:36,135 | INFO     | PokemonFaiths.Bedroom | Bedroom scene initialized
2025-10-04 00:51:36,136 | INFO     | PokemonFaiths.Bedroom | Bedroom scene started
2025-10-04 00:51:39,046 | INFO     | PokemonFaiths.Bedroom | Eye opening animation complete
2025-10-04 00:51:39,946 | INFO     | PokemonFaiths.Entities | Sprint: ON
2025-10-04 00:51:40,925 | INFO     | PokemonFaiths.Bedroom | Player stepped on teleport rug - going outside!
2025-10-04 00:51:40,927 | INFO     | PokemonFaiths.SaveManager | Game saved successfully
2025-10-04 00:51:40,927 | INFO     | PokemonFaiths.Bedroom | Set outside spawn to: (332, 222)
2025-10-04 00:51:40,934 | INFO     | PokemonFaiths.Bedroom | Bedroom scene exited
2025-10-04 00:51:40,937 | INFO     | PokemonFaiths.Main | Teleporting to outside scene...
2025-10-04 00:51:41,072 | INFO     | PokemonFaiths.Outside | Outdoor assets loaded
2025-10-04 00:51:41,073 | INFO     | PokemonFaiths.Outside | Village map created: 40x30 with 5 houses and cave entrance
2025-10-04 00:51:41,073 | INFO     | PokemonFaiths.Outside | Loading outside position from save: (332, 222)
2025-10-04 00:51:41,196 | INFO     | PokemonFaiths.Outside | Outside scene initialized
2025-10-04 00:51:41,197 | INFO     | PokemonFaiths.Outside | Outside scene started
2025-10-04 00:51:41,664 | INFO     | PokemonFaiths.Entities | Sprint: ON
2025-10-04 00:51:42,313 | INFO     | PokemonFaiths.Entities | Sprint: OFF
2025-10-04 00:51:42,711 | INFO     | PokemonFaiths.Entities | Sprint: ON
2025-10-04 00:51:51,388 | INFO     | PokemonFaiths.Outside | Player entering cave!
2025-10-04 00:51:51,390 | INFO     | PokemonFaiths.SaveManager | Game saved successfully
2025-10-04 00:51:51,390 | INFO     | PokemonFaiths.Outside | Set cave spawn to entrance: (340, 238)
2025-10-04 00:51:51,390 | INFO     | PokemonFaiths.Outside | Player entering cave
2025-10-04 00:51:51,397 | INFO     | PokemonFaiths.Outside | Outside scene exited
2025-10-04 00:51:51,402 | INFO     | PokemonFaiths.Main | Entering cave...
2025-10-04 00:51:51,420 | INFO     | PokemonFaiths.Cave | Cave map created: 20x10 with 24 grass encounter tiles
2025-10-04 00:51:51,781 | INFO     | PokemonFaiths.Cave | Cave scene initialized
2025-10-04 00:51:52,515 | INFO     | PokemonFaiths.Entities | Sprint: ON
2025-10-04 00:51:57,096 | INFO     | PokemonFaiths.Cave | Player received starter Pokemon: Charmander (Corrupted)
2025-10-04 00:51:57,097 | INFO     | PokemonFaiths.SaveManager | Game saved successfully
2025-10-04 00:52:03,174 | INFO     | PokemonFaiths.Cave | Wild encounter triggered!
2025-10-04 00:52:03,174 | INFO     | PokemonFaiths.Cave | Wild Zubat (Lv.5) appeared!
2025-10-04 00:52:03,174 | INFO     | PokemonFaiths.Cave | Starting battle with Zubat!
2025-10-04 00:52:03,176 | INFO     | PokemonFaiths.SaveManager | Game saved successfully
2025-10-04 00:52:03,177 | INFO     | PokemonFaiths.SaveManager | Game saved successfully
2025-10-04 00:52:03,177 | INFO     | PokemonFaiths.Cave | Battle system integration pending...
2025-10-04 00:52:03,557 | INFO     | PokemonFaiths.Cave | Starting battle transition!
2025-10-04 00:52:03,571 | INFO     | PokemonFaiths.Main | Starting battle from cave...
2025-10-04 00:52:03,573 | ERROR    | PokemonFaiths.Main | Unexpected error in battle scene: Pokemon.__init__() got an unexpected keyword argument 'level'
Traceback (most recent call last):
  File "C:\Users\edy\Desktop\Faith\src\main.py", line 149, in run_battle_scene
    player_pokemon = Pokemon(
        species=player_pokemon_data['name'],
        level=player_pokemon_data['level'],
        nickname=player_pokemon_data.get('nickname', player_pokemon_data['name'])
    )
TypeError: Pokemon.__init__() got an unexpected keyword argument 'level'
2025-10-04 00:52:03,574 | ERROR    | PokemonFaiths.Main | Battle error, returning to cave
2025-10-04 00:52:03,578 | INFO     | PokemonFaiths.Cave | Cave map created: 20x10 with 24 grass encounter tiles
2025-10-04 00:52:03,942 | INFO     | PokemonFaiths.Cave | Cave scene initialized
2025-10-04 00:52:05,959 | INFO     | PokemonFaiths.SaveManager | Game saved successfully
2025-10-04 00:52:06,113 | INFO     | PokemonFaiths.Main | === Pokemon Faiths Shutdown ===
